<?xml version="1.0" encoding="UTF-8"?>
<!-- Generated by org.testng.reporters.JUnitReportReporter -->
<testsuite hostname="DESKTOP-59BILVQ" failures="0" tests="3" name="TestngUTF.Intro" time="0.020" errors="0" timestamp="2022-09-19T09:38:50 IST" skipped="0">
  <testcase classname="TestngUTF.Intro" name="LogOut" time="0.014"/>
  <system-out/>
  <testcase classname="TestngUTF.Intro" name="openUrl" time="0.002"/>
  <system-out/>
  <testcase classname="TestngUTF.Intro" name="Login" time="0.004"/>
  <system-out/>
</testsuite> <!-- TestngUTF.Intro -->
