<?xml version="1.0" encoding="UTF-8"?>
<!-- Generated by org.testng.reporters.JUnitReportReporter -->
<testsuite hostname="DESKTOP-FJGHUJB" failures="0" tests="1" name="trial.PolcyBazarCountryCode" time="9.202" errors="0" timestamp="2022-10-04T09:40:12 GMT-08:00" skipped="0">
  <testcase classname="trial.PolcyBazarCountryCode" name="dropDown" time="9.202"/>
  <system-out/>
</testsuite> <!-- trial.PolcyBazarCountryCode -->
